<?xml version="1.0" encoding="UTF-8"?>
<Site BuildName="Linux-g++"
	BuildStamp="20230620-1850-Experimental"
	Name="YocoZuna"
	Generator="ctest-3.26.4"
	CompilerName="/usr/bin/g++"
	CompilerVersion=""
	OSName="Linux"
	Hostname="YocoZuna"
	OSRelease="5.19.0-45-generic"
	OSVersion="#46~22.04.1-Ubuntu SMP PREEMPT_DYNAMIC Wed Jun 7 15:06:04 UTC 20"
	OSPlatform="x86_64"
	Is64Bits="1"
	VendorString="AuthenticAMD"
	VendorID="Advanced Micro Devices"
	FamilyID="23"
	ModelID="96"
	ProcessorCacheSize="512"
	NumberOfLogicalCPU="6"
	NumberOfPhysicalCPU="6"
	TotalVirtualMemory="2047"
	TotalPhysicalMemory="7294"
	LogicalProcessorsPerPhysical="1"
	ProcessorClockFrequency="3989.19"
	>
	<Testing>
		<StartDateTime>Jun 20 21:31 CEST</StartDateTime>
		<StartTestTime>1687289472</StartTestTime>
		<TestList/>
		<EndDateTime>Jun 20 21:31 CEST</EndDateTime>
		<EndTestTime>1687289472</EndTestTime>
		<ElapsedMinutes>0</ElapsedMinutes>
	</Testing>
</Site>
